<?xml version="1.0" encoding="UTF-8"?>
<testsuite xmlns:xsi="http://www.w3.org/2001/XMLSchema-instance" xsi:noNamespaceSchemaLocation="https://maven.apache.org/surefire/maven-surefire-plugin/xsd/surefire-test-report.xsd" name="| test@gmail.com | Test@4321 | Sorry, that password does not match our records. |" time="24.69" tests="6" errors="0" skipped="0" failures="0">
  <properties>
[...]
</properties>
  <testcase name="| test@gmail.com | Test@4321 | Sorry, that password does not match our records. |" classname="| test@gmail.com | Test@4321 | Sorry, that password does not match our records. |" time="0"/>
  <testcase name="Then Click on Login Register Button." classname="| test@gmail.com | Test@4321 | Sorry, that password does not match our records. |" time="0"/>
  <testcase name="Then Enter Your email address as &quot;test@gmail.com&quot;." classname="| test@gmail.com | Test@4321 | Sorry, that password does not match our records. |" time="0"/>
  <testcase name="Then Enter your password as &quot;Test@4321&quot;." classname="| test@gmail.com | Test@4321 | Sorry, that password does not match our records. |" time="0.001"/>
  <testcase name="Then Click on Login Now button." classname="| test@gmail.com | Test@4321 | Sorry, that password does not match our records. |" time="0"/>
  <testcase name="Then Verify &quot;Sorry, that password does not match our records.&quot; message for email address and password." classname="| test@gmail.com | Test@4321 | Sorry, that password does not match our records. |" time="0.001"/>
</testsuite>